[07-Nov-2024 02:11:41 UTC] PHP Fatal error:  Uncaught Exception: Failed to parse time string (2024-11-07 00:00:00 15:00:00) at position 20 (1): Double time specification in /home/u330488542/domains/tjamessportybar.com/public_html/BilliardManagement/generate_schedule.php:50
Stack trace:
#0 /home/u330488542/domains/tjamessportybar.com/public_html/BilliardManagement/generate_schedule.php(50): DateTime->__construct()
#1 {main}
  thrown in /home/u330488542/domains/tjamessportybar.com/public_html/BilliardManagement/generate_schedule.php on line 50
[07-Nov-2024 02:14:10 UTC] Error generating schedule: SQLSTATE[42S02]: Base table or view not found: 1146 Table 'u330488542_billiard.tournament_players' doesn't exist
[07-Nov-2024 06:25:53 UTC] Error updating booking status: Booking with ID 155 already has status 'Checked Out'. No update performed.
[10-Nov-2024 07:54:58 UTC] fetch_messages.php called with chat_with = 25
[10-Nov-2024 07:54:58 UTC] Admin ID: 3, Chat with ID: 25
[10-Nov-2024 07:54:59 UTC] fetch_messages.php called with chat_with = 17
[10-Nov-2024 07:54:59 UTC] Admin ID: 3, Chat with ID: 17
[10-Nov-2024 13:56:11 UTC] Error updating booking status: Booking with ID 162 already has status 'Confirmed'. No update performed.
[11-Nov-2024 09:52:06 UTC] fetch_messages.php called with chat_with = 25
[11-Nov-2024 09:52:06 UTC] Admin ID: 3, Chat with ID: 25
[11-Nov-2024 09:52:06 UTC] fetch_messages.php called with chat_with = 17
[11-Nov-2024 09:52:06 UTC] Admin ID: 3, Chat with ID: 17
[11-Nov-2024 09:52:10 UTC] fetch_messages.php called with chat_with = 17
[11-Nov-2024 09:52:10 UTC] Admin ID: 3, Chat with ID: 17
[11-Nov-2024 09:52:15 UTC] fetch_messages.php called with chat_with = 17
[11-Nov-2024 09:52:15 UTC] Admin ID: 3, Chat with ID: 17
[11-Nov-2024 09:52:20 UTC] fetch_messages.php called with chat_with = 17
[11-Nov-2024 09:52:20 UTC] Admin ID: 3, Chat with ID: 17
[11-Nov-2024 09:52:25 UTC] fetch_messages.php called with chat_with = 17
[11-Nov-2024 09:52:25 UTC] Admin ID: 3, Chat with ID: 17
[11-Nov-2024 09:52:30 UTC] fetch_messages.php called with chat_with = 17
[11-Nov-2024 09:52:30 UTC] Admin ID: 3, Chat with ID: 17
[11-Nov-2024 09:52:35 UTC] fetch_messages.php called with chat_with = 17
[11-Nov-2024 09:52:35 UTC] Admin ID: 3, Chat with ID: 17
[11-Nov-2024 12:52:12 UTC] fetch_messages.php called with chat_with = 25
[11-Nov-2024 12:52:12 UTC] Admin ID: 3, Chat with ID: 25
[11-Nov-2024 12:52:13 UTC] fetch_messages.php called with chat_with = 17
[11-Nov-2024 12:52:13 UTC] Admin ID: 3, Chat with ID: 17
[11-Nov-2024 12:52:13 UTC] fetch_messages.php called with chat_with = 25
[11-Nov-2024 12:52:13 UTC] Admin ID: 3, Chat with ID: 25
[11-Nov-2024 12:52:14 UTC] fetch_messages.php called with chat_with = 17
[11-Nov-2024 12:52:14 UTC] Admin ID: 3, Chat with ID: 17
[11-Nov-2024 12:52:17 UTC] fetch_messages.php called with chat_with = 17
[11-Nov-2024 12:52:17 UTC] Admin ID: 3, Chat with ID: 17
[2024-11-11 15:55:47] PayMongo Exception: Client error: `POST https://api.paymongo.com/v1/links` resulted in a `400 Bad Request` response:
{"errors":[{"code":"parameter_below_minimum","detail":"Please enter an amount at least Php 100.00."}]}

[2024-11-11 15:55:47] PayMongo Response Status Code: 400
[2024-11-11 15:55:47] PayMongo Response Body: {"errors":[{"code":"parameter_below_minimum","detail":"Please enter an amount at least Php 100.00."}]}
[2024-11-11 15:58:54] PayMongo Exception: Client error: `POST https://api.paymongo.com/v1/links` resulted in a `400 Bad Request` response:
{"errors":[{"code":"parameter_below_minimum","detail":"Please enter an amount at least Php 100.00."}]}

[2024-11-11 15:58:54] PayMongo Response Status Code: 400
[2024-11-11 15:58:54] PayMongo Response Body: {"errors":[{"code":"parameter_below_minimum","detail":"Please enter an amount at least Php 100.00."}]}
[2024-11-11 15:59:42] PayMongo Exception: Client error: `POST https://api.paymongo.com/v1/links` resulted in a `400 Bad Request` response:
{"errors":[{"code":"parameter_below_minimum","detail":"Please enter an amount at least Php 100.00."}]}

[2024-11-11 15:59:42] PayMongo Response Status Code: 400
[2024-11-11 15:59:42] PayMongo Response Body: {"errors":[{"code":"parameter_below_minimum","detail":"Please enter an amount at least Php 100.00."}]}
[2024-11-11 16:00:11] PayMongo Exception: Client error: `POST https://api.paymongo.com/v1/links` resulted in a `400 Bad Request` response:
{"errors":[{"code":"parameter_below_minimum","detail":"Please enter an amount at least Php 100.00."}]}

[2024-11-11 16:00:11] PayMongo Response Status Code: 400
[2024-11-11 16:00:11] PayMongo Response Body: {"errors":[{"code":"parameter_below_minimum","detail":"Please enter an amount at least Php 100.00."}]}
[2024-11-11 16:22:12] PayMongo secret key is missing.
[2024-11-11 16:22:12] An error occurred: Failed to generate PayMongo payment link.
[2024-11-11 16:23:22] An error occurred: Already registered for this tournament.
[2024-11-11 16:23:37] PayMongo secret key is missing.
[2024-11-11 16:23:37] An error occurred: Failed to generate PayMongo payment link. Status Code:  Response: 
[2024-11-11 16:24:45] An error occurred: Already registered for this tournament.
[2024-11-11 16:25:01] PayMongo Response: Array
(
    [data] => Array
        (
            [id] => link_UffQdCf12hMJGWyom6k8MjYt
            [type] => link
            [attributes] => Array
                (
                    [amount] => 12300
                    [archived] => 
                    [currency] => PHP
                    [description] => Tournament Registration for #44
                    [livemode] => 
                    [fee] => 0
                    [remarks] => 
                    [status] => unpaid
                    [tax_amount] => 
                    [taxes] => Array
                        (
                        )

                    [checkout_url] => https://pm.link/tjamessportybar/test/6Pj5pgX
                    [reference_number] => 6Pj5pgX
                    [created_at] => 1731342301
                    [updated_at] => 1731342301
                    [payments] => Array
                        (
                        )

                )

        )

)

[2024-11-11 16:26:19] An error occurred: Already registered for this tournament.
[2024-11-11 16:26:29] PayMongo Response: Array
(
    [data] => Array
        (
            [id] => link_TUvsSq4vEK2kBFkBFgQiDbMu
            [type] => link
            [attributes] => Array
                (
                    [amount] => 12300
                    [archived] => 
                    [currency] => PHP
                    [description] => Tournament Registration for #44
                    [livemode] => 
                    [fee] => 0
                    [remarks] => 
                    [status] => unpaid
                    [tax_amount] => 
                    [taxes] => Array
                        (
                        )

                    [checkout_url] => https://pm.link/tjamessportybar/test/ypppD3x
                    [reference_number] => ypppD3x
                    [created_at] => 1731342389
                    [updated_at] => 1731342389
                    [payments] => Array
                        (
                        )

                )

        )

)

[2024-11-11 16:26:52] An error occurred: Already registered for this tournament.
[2024-11-11 16:27:04] PayMongo Response: Array
(
    [data] => Array
        (
            [id] => link_5bqEmwHmquwTzFD9Cy3gcWwa
            [type] => link
            [attributes] => Array
                (
                    [amount] => 12300
                    [archived] => 
                    [currency] => PHP
                    [description] => Tournament Registration for #44
                    [livemode] => 
                    [fee] => 0
                    [remarks] => 
                    [status] => unpaid
                    [tax_amount] => 
                    [taxes] => Array
                        (
                        )

                    [checkout_url] => https://pm.link/tjamessportybar/test/ALvGc7h
                    [reference_number] => ALvGc7h
                    [created_at] => 1731342424
                    [updated_at] => 1731342424
                    [payments] => Array
                        (
                        )

                )

        )

)

[11-Nov-2024 16:32:03 UTC] Error updating booking status: SQLSTATE[23000]: Integrity constraint violation: 1452 Cannot add or update a child row: a foreign key constraint fails (`u330488542_billiard`.`notifications`, CONSTRAINT `notifications_ibfk_1` FOREIGN KEY (`user_id`) REFERENCES `users` (`user_id`) ON DELETE SET NULL)
[11-Nov-2024 16:32:06 UTC] Error updating booking status: SQLSTATE[23000]: Integrity constraint violation: 1452 Cannot add or update a child row: a foreign key constraint fails (`u330488542_billiard`.`notifications`, CONSTRAINT `notifications_ibfk_1` FOREIGN KEY (`user_id`) REFERENCES `users` (`user_id`) ON DELETE SET NULL)
[11-Nov-2024 16:32:17 UTC] Error updating booking status: SQLSTATE[23000]: Integrity constraint violation: 1452 Cannot add or update a child row: a foreign key constraint fails (`u330488542_billiard`.`notifications`, CONSTRAINT `notifications_ibfk_1` FOREIGN KEY (`user_id`) REFERENCES `users` (`user_id`) ON DELETE SET NULL)
[11-Nov-2024 16:32:21 UTC] Error updating booking status: Booking with ID 157 already has status 'Confirmed'. No update performed.
[11-Nov-2024 16:32:46 UTC] PHP Deprecated:  htmlspecialchars(): Passing null to parameter #1 ($string) of type string is deprecated in /home/u330488542/domains/tjamessportybar.com/public_html/BilliardManagement/admin_booking.php on line 395
[11-Nov-2024 16:33:05 UTC] PHP Deprecated:  htmlspecialchars(): Passing null to parameter #1 ($string) of type string is deprecated in /home/u330488542/domains/tjamessportybar.com/public_html/BilliardManagement/admin_booking.php on line 395
[11-Nov-2024 16:33:50 UTC] PHP Deprecated:  htmlspecialchars(): Passing null to parameter #1 ($string) of type string is deprecated in /home/u330488542/domains/tjamessportybar.com/public_html/BilliardManagement/admin_booking.php on line 395
[11-Nov-2024 16:43:33 UTC] PHP Deprecated:  htmlspecialchars(): Passing null to parameter #1 ($string) of type string is deprecated in /home/u330488542/domains/tjamessportybar.com/public_html/BilliardManagement/admin_booking.php on line 395
[12-Nov-2024 04:00:23 UTC] PHP Deprecated:  htmlspecialchars(): Passing null to parameter #1 ($string) of type string is deprecated in /home/u330488542/domains/tjamessportybar.com/public_html/BilliardManagement/admin_booking.php on line 395
[12-Nov-2024 04:14:14 UTC] PHP Deprecated:  htmlspecialchars(): Passing null to parameter #1 ($string) of type string is deprecated in /home/u330488542/domains/tjamessportybar.com/public_html/BilliardManagement/admin_booking.php on line 395
[12-Nov-2024 04:14:14 UTC] PHP Deprecated:  htmlspecialchars(): Passing null to parameter #1 ($string) of type string is deprecated in /home/u330488542/domains/tjamessportybar.com/public_html/BilliardManagement/admin_booking.php on line 395
[12-Nov-2024 04:14:22 UTC] fetch_messages.php called with chat_with = 25
[12-Nov-2024 04:14:22 UTC] Admin ID: 3, Chat with ID: 25
[12-Nov-2024 04:14:23 UTC] fetch_messages.php called with chat_with = 17
[12-Nov-2024 04:14:23 UTC] Admin ID: 3, Chat with ID: 17
[12-Nov-2024 04:14:26 UTC] fetch_messages.php called with chat_with = 17
[12-Nov-2024 04:14:26 UTC] Admin ID: 3, Chat with ID: 17
[12-Nov-2024 04:14:31 UTC] fetch_messages.php called with chat_with = 17
[12-Nov-2024 04:14:31 UTC] Admin ID: 3, Chat with ID: 17
[12-Nov-2024 12:51:20 UTC] PHP Deprecated:  htmlspecialchars(): Passing null to parameter #1 ($string) of type string is deprecated in /home/u330488542/domains/tjamessportybar.com/public_html/BilliardManagement/admin_booking.php on line 395
[12-Nov-2024 12:51:20 UTC] PHP Deprecated:  htmlspecialchars(): Passing null to parameter #1 ($string) of type string is deprecated in /home/u330488542/domains/tjamessportybar.com/public_html/BilliardManagement/admin_booking.php on line 395
[12-Nov-2024 12:52:41 UTC] PHP Deprecated:  htmlspecialchars(): Passing null to parameter #1 ($string) of type string is deprecated in /home/u330488542/domains/tjamessportybar.com/public_html/BilliardManagement/admin_booking.php on line 395
[12-Nov-2024 12:52:41 UTC] PHP Deprecated:  htmlspecialchars(): Passing null to parameter #1 ($string) of type string is deprecated in /home/u330488542/domains/tjamessportybar.com/public_html/BilliardManagement/admin_booking.php on line 395
[12-Nov-2024 12:55:08 UTC] PHP Deprecated:  htmlspecialchars(): Passing null to parameter #1 ($string) of type string is deprecated in /home/u330488542/domains/tjamessportybar.com/public_html/BilliardManagement/admin_booking.php on line 395
[12-Nov-2024 12:55:08 UTC] PHP Deprecated:  htmlspecialchars(): Passing null to parameter #1 ($string) of type string is deprecated in /home/u330488542/domains/tjamessportybar.com/public_html/BilliardManagement/admin_booking.php on line 395
[12-Nov-2024 13:29:23 UTC] PHP Deprecated:  htmlspecialchars(): Passing null to parameter #1 ($string) of type string is deprecated in /home/u330488542/domains/tjamessportybar.com/public_html/BilliardManagement/admin_booking.php on line 395
[12-Nov-2024 13:29:23 UTC] PHP Deprecated:  htmlspecialchars(): Passing null to parameter #1 ($string) of type string is deprecated in /home/u330488542/domains/tjamessportybar.com/public_html/BilliardManagement/admin_booking.php on line 395
[12-Nov-2024 13:29:34 UTC] PHP Deprecated:  htmlspecialchars(): Passing null to parameter #1 ($string) of type string is deprecated in /home/u330488542/domains/tjamessportybar.com/public_html/BilliardManagement/admin_booking.php on line 395
[12-Nov-2024 13:29:34 UTC] PHP Deprecated:  htmlspecialchars(): Passing null to parameter #1 ($string) of type string is deprecated in /home/u330488542/domains/tjamessportybar.com/public_html/BilliardManagement/admin_booking.php on line 395
[12-Nov-2024 13:29:42 UTC] PHP Deprecated:  htmlspecialchars(): Passing null to parameter #1 ($string) of type string is deprecated in /home/u330488542/domains/tjamessportybar.com/public_html/BilliardManagement/admin_booking.php on line 395
[12-Nov-2024 13:29:42 UTC] PHP Deprecated:  htmlspecialchars(): Passing null to parameter #1 ($string) of type string is deprecated in /home/u330488542/domains/tjamessportybar.com/public_html/BilliardManagement/admin_booking.php on line 395
[12-Nov-2024 13:46:44 UTC] PHP Deprecated:  htmlspecialchars(): Passing null to parameter #1 ($string) of type string is deprecated in /home/u330488542/domains/tjamessportybar.com/public_html/BilliardManagement/admin_booking.php on line 395
[12-Nov-2024 13:46:44 UTC] PHP Deprecated:  htmlspecialchars(): Passing null to parameter #1 ($string) of type string is deprecated in /home/u330488542/domains/tjamessportybar.com/public_html/BilliardManagement/admin_booking.php on line 395
[12-Nov-2024 13:53:19 UTC] PHP Deprecated:  htmlspecialchars(): Passing null to parameter #1 ($string) of type string is deprecated in /home/u330488542/domains/tjamessportybar.com/public_html/BilliardManagement/admin_booking.php on line 395
[12-Nov-2024 13:53:19 UTC] PHP Deprecated:  htmlspecialchars(): Passing null to parameter #1 ($string) of type string is deprecated in /home/u330488542/domains/tjamessportybar.com/public_html/BilliardManagement/admin_booking.php on line 395
[12-Nov-2024 23:03:36 UTC] PHP Deprecated:  htmlspecialchars(): Passing null to parameter #1 ($string) of type string is deprecated in /home/u330488542/domains/tjamessportybar.com/public_html/BilliardManagement/admin_booking.php on line 395
[12-Nov-2024 23:03:36 UTC] PHP Deprecated:  htmlspecialchars(): Passing null to parameter #1 ($string) of type string is deprecated in /home/u330488542/domains/tjamessportybar.com/public_html/BilliardManagement/admin_booking.php on line 395
[12-Nov-2024 23:04:07 UTC] PHP Deprecated:  htmlspecialchars(): Passing null to parameter #1 ($string) of type string is deprecated in /home/u330488542/domains/tjamessportybar.com/public_html/BilliardManagement/admin_booking.php on line 395
[12-Nov-2024 23:04:07 UTC] PHP Deprecated:  htmlspecialchars(): Passing null to parameter #1 ($string) of type string is deprecated in /home/u330488542/domains/tjamessportybar.com/public_html/BilliardManagement/admin_booking.php on line 395
[14-Nov-2024 11:55:11 UTC] PHP Deprecated:  htmlspecialchars(): Passing null to parameter #1 ($string) of type string is deprecated in /home/u330488542/domains/tjamessportybar.com/public_html/BilliardManagement/admin_booking.php on line 395
[14-Nov-2024 11:55:11 UTC] PHP Deprecated:  htmlspecialchars(): Passing null to parameter #1 ($string) of type string is deprecated in /home/u330488542/domains/tjamessportybar.com/public_html/BilliardManagement/admin_booking.php on line 395
[15-Nov-2024 02:50:21 UTC] fetch_messages.php called with chat_with = 25
[15-Nov-2024 02:50:21 UTC] Admin ID: 3, Chat with ID: 25
[15-Nov-2024 02:50:23 UTC] send_message.php called with receiver_id = 25
[15-Nov-2024 02:50:23 UTC] Admin ID: 3, Message: asdasd
[15-Nov-2024 02:50:24 UTC] fetch_messages.php called with chat_with = 25
[15-Nov-2024 02:50:24 UTC] Admin ID: 3, Chat with ID: 25
[15-Nov-2024 02:50:25 UTC] fetch_messages.php called with chat_with = 25
[15-Nov-2024 02:50:25 UTC] Admin ID: 3, Chat with ID: 25
[15-Nov-2024 02:50:27 UTC] fetch_messages.php called with chat_with = 17
[15-Nov-2024 02:50:27 UTC] Admin ID: 3, Chat with ID: 17
[15-Nov-2024 12:57:23 UTC] PHP Deprecated:  htmlspecialchars(): Passing null to parameter #1 ($string) of type string is deprecated in /home/u330488542/domains/tjamessportybar.com/public_html/BilliardManagement/admin_booking.php on line 395
[15-Nov-2024 12:57:23 UTC] PHP Deprecated:  htmlspecialchars(): Passing null to parameter #1 ($string) of type string is deprecated in /home/u330488542/domains/tjamessportybar.com/public_html/BilliardManagement/admin_booking.php on line 395
[17-Jan-2025 15:50:40 Europe/Berlin] PHP Deprecated:  htmlspecialchars(): Passing null to parameter #1 ($string) of type string is deprecated in C:\xampp\htdocs\BilliardManagement\admin_booking.php on line 395
[17-Jan-2025 15:50:40 Europe/Berlin] PHP Deprecated:  htmlspecialchars(): Passing null to parameter #1 ($string) of type string is deprecated in C:\xampp\htdocs\BilliardManagement\admin_booking.php on line 395
[17-Jan-2025 15:50:54 Europe/Berlin] fetch_messages.php called with chat_with = 17
[17-Jan-2025 15:50:54 Europe/Berlin] Admin ID: 3, Chat with ID: 17
[17-Jan-2025 15:50:58 Europe/Berlin] fetch_messages.php called with chat_with = 17
[17-Jan-2025 15:50:58 Europe/Berlin] Admin ID: 3, Chat with ID: 17
[17-Jan-2025 15:51:03 Europe/Berlin] fetch_messages.php called with chat_with = 17
[17-Jan-2025 15:51:03 Europe/Berlin] Admin ID: 3, Chat with ID: 17
